This is pdfTeX, Version 3.141592653-2.6-1.40.24 (TeX Live 2022) (preloaded format=pdflatex 2023.3.9)  5 MAY 2023 16:15
entering extended mode
 restricted \write18 enabled.
 file:line:error style messages enabled.
 %&-line parsing enabled.
**case-study.tex
(./case-study.tex
LaTeX2e <2021-11-15> patch level 1
L3 programming layer <2022-02-24> (/usr/local/texlive/2022/texmf-dist/tex/latex/ieeetran/IEEEtran.cls
Document Class: IEEEtran 2015/08/26 V1.8b by Michael Shell
-- See the "IEEEtran_HOWTO" manual for usage information.
-- http://www.michaelshell.org/tex/ieeetran/
\@IEEEtrantmpdimenA=\dimen138
\@IEEEtrantmpdimenB=\dimen139
\@IEEEtrantmpdimenC=\dimen140
\@IEEEtrantmpcountA=\count185
\@IEEEtrantmpcountB=\count186
\@IEEEtrantmpcountC=\count187
\@IEEEtrantmptoksA=\toks16
LaTeX Font Info:    Trying to load font information for OT1+ptm on input line 503.
(/usr/local/texlive/2022/texmf-dist/tex/latex/psnfss/ot1ptm.fd
File: ot1ptm.fd 2001/06/04 font definitions for OT1/ptm.
)
-- Using 8.5in x 11in (letter) paper.
-- Using PDF output.
\@IEEEnormalsizeunitybaselineskip=\dimen141
-- This is a 10 point document.
\CLASSINFOnormalsizebaselineskip=\dimen142
\CLASSINFOnormalsizeunitybaselineskip=\dimen143
\IEEEnormaljot=\dimen144
LaTeX Font Info:    Font shape `OT1/ptm/bx/n' in size <5> not available
(Font)              Font shape `OT1/ptm/b/n' tried instead on input line 1090.
LaTeX Font Info:    Font shape `OT1/ptm/bx/it' in size <5> not available
(Font)              Font shape `OT1/ptm/b/it' tried instead on input line 1090.
LaTeX Font Info:    Font shape `OT1/ptm/bx/n' in size <7> not available
(Font)              Font shape `OT1/ptm/b/n' tried instead on input line 1090.
LaTeX Font Info:    Font shape `OT1/ptm/bx/it' in size <7> not available
(Font)              Font shape `OT1/ptm/b/it' tried instead on input line 1090.
LaTeX Font Info:    Font shape `OT1/ptm/bx/n' in size <8> not available
(Font)              Font shape `OT1/ptm/b/n' tried instead on input line 1090.
LaTeX Font Info:    Font shape `OT1/ptm/bx/it' in size <8> not available
(Font)              Font shape `OT1/ptm/b/it' tried instead on input line 1090.
LaTeX Font Info:    Font shape `OT1/ptm/bx/n' in size <9> not available
(Font)              Font shape `OT1/ptm/b/n' tried instead on input line 1090.
LaTeX Font Info:    Font shape `OT1/ptm/bx/it' in size <9> not available
(Font)              Font shape `OT1/ptm/b/it' tried instead on input line 1090.
LaTeX Font Info:    Font shape `OT1/ptm/bx/n' in size <10> not available
(Font)              Font shape `OT1/ptm/b/n' tried instead on input line 1090.
LaTeX Font Info:    Font shape `OT1/ptm/bx/it' in size <10> not available
(Font)              Font shape `OT1/ptm/b/it' tried instead on input line 1090.
LaTeX Font Info:    Font shape `OT1/ptm/bx/n' in size <11> not available
(Font)              Font shape `OT1/ptm/b/n' tried instead on input line 1090.
LaTeX Font Info:    Font shape `OT1/ptm/bx/it' in size <11> not available
(Font)              Font shape `OT1/ptm/b/it' tried instead on input line 1090.
LaTeX Font Info:    Font shape `OT1/ptm/bx/n' in size <12> not available
(Font)              Font shape `OT1/ptm/b/n' tried instead on input line 1090.
LaTeX Font Info:    Font shape `OT1/ptm/bx/it' in size <12> not available
(Font)              Font shape `OT1/ptm/b/it' tried instead on input line 1090.
LaTeX Font Info:    Font shape `OT1/ptm/bx/n' in size <17> not available
(Font)              Font shape `OT1/ptm/b/n' tried instead on input line 1090.
LaTeX Font Info:    Font shape `OT1/ptm/bx/it' in size <17> not available
(Font)              Font shape `OT1/ptm/b/it' tried instead on input line 1090.
LaTeX Font Info:    Font shape `OT1/ptm/bx/n' in size <20> not available
(Font)              Font shape `OT1/ptm/b/n' tried instead on input line 1090.
LaTeX Font Info:    Font shape `OT1/ptm/bx/it' in size <20> not available
(Font)              Font shape `OT1/ptm/b/it' tried instead on input line 1090.
LaTeX Font Info:    Font shape `OT1/ptm/bx/n' in size <24> not available
(Font)              Font shape `OT1/ptm/b/n' tried instead on input line 1090.
LaTeX Font Info:    Font shape `OT1/ptm/bx/it' in size <24> not available
(Font)              Font shape `OT1/ptm/b/it' tried instead on input line 1090.
\IEEEquantizedlength=\dimen145
\IEEEquantizedlengthdiff=\dimen146
\IEEEquantizedtextheightdiff=\dimen147
\IEEEilabelindentA=\dimen148
\IEEEilabelindentB=\dimen149
\IEEEilabelindent=\dimen150
\IEEEelabelindent=\dimen151
\IEEEdlabelindent=\dimen152
\IEEElabelindent=\dimen153
\IEEEiednormlabelsep=\dimen154
\IEEEiedmathlabelsep=\dimen155
\IEEEiedtopsep=\skip47
\c@section=\count188
\c@subsection=\count189
\c@subsubsection=\count190
\c@paragraph=\count191
\c@IEEEsubequation=\count192
\abovecaptionskip=\skip48
\belowcaptionskip=\skip49
\c@figure=\count193
\c@table=\count194
\@IEEEeqnnumcols=\count195
\@IEEEeqncolcnt=\count196
\@IEEEsubeqnnumrollback=\count197
\@IEEEquantizeheightA=\dimen156
\@IEEEquantizeheightB=\dimen157
\@IEEEquantizeheightC=\dimen158
\@IEEEquantizeprevdepth=\dimen159
\@IEEEquantizemultiple=\count198
\@IEEEquantizeboxA=\box50
\@IEEEtmpitemindent=\dimen160
\IEEEPARstartletwidth=\dimen161
\c@IEEEbiography=\count199
\@IEEEtranrubishbin=\box51
)
** ATTENTION: Overriding command lockouts (line 2).
(/usr/local/texlive/2022/texmf-dist/tex/latex/cite/cite.sty
LaTeX Info: Redefining \cite on input line 302.
LaTeX Info: Redefining \nocite on input line 332.
Package: cite 2015/02/27  v 5.5
) (/usr/local/texlive/2022/texmf-dist/tex/latex/amsmath/amsmath.sty
Package: amsmath 2021/10/15 v2.17l AMS math features
\@mathmargin=\skip50

For additional information on amsmath, use the `?' option.
(/usr/local/texlive/2022/texmf-dist/tex/latex/amsmath/amstext.sty
Package: amstext 2021/08/26 v2.01 AMS text
 (/usr/local/texlive/2022/texmf-dist/tex/latex/amsmath/amsgen.sty
File: amsgen.sty 1999/11/30 v2.0 generic functions
\@emptytoks=\toks17
\ex@=\dimen162
)) (/usr/local/texlive/2022/texmf-dist/tex/latex/amsmath/amsbsy.sty
Package: amsbsy 1999/11/29 v1.2d Bold Symbols
\pmbraise@=\dimen163
) (/usr/local/texlive/2022/texmf-dist/tex/latex/amsmath/amsopn.sty
Package: amsopn 2021/08/26 v2.02 operator names
)
\inf@bad=\count266
LaTeX Info: Redefining \frac on input line 234.
\uproot@=\count267
\leftroot@=\count268
LaTeX Info: Redefining \overline on input line 399.
\classnum@=\count269
\DOTSCASE@=\count270
LaTeX Info: Redefining \ldots on input line 496.
LaTeX Info: Redefining \dots on input line 499.
LaTeX Info: Redefining \cdots on input line 620.
\Mathstrutbox@=\box52
\strutbox@=\box53
\big@size=\dimen164
LaTeX Font Info:    Redeclaring font encoding OML on input line 743.
LaTeX Font Info:    Redeclaring font encoding OMS on input line 744.
\macc@depth=\count271
\c@MaxMatrixCols=\count272
\dotsspace@=\muskip16
\c@parentequation=\count273
\dspbrk@lvl=\count274
\tag@help=\toks18
\row@=\count275
\column@=\count276
\maxfields@=\count277
\andhelp@=\toks19
\eqnshift@=\dimen165
\alignsep@=\dimen166
\tagshift@=\dimen167
\tagwidth@=\dimen168
\totwidth@=\dimen169
\lineht@=\dimen170
\@envbody=\toks20
\multlinegap=\skip51
\multlinetaggap=\skip52
\mathdisplay@stack=\toks21
LaTeX Info: Redefining \[ on input line 2938.
LaTeX Info: Redefining \] on input line 2939.
) (/usr/local/texlive/2022/texmf-dist/tex/latex/amsfonts/amssymb.sty
Package: amssymb 2013/01/14 v3.01 AMS font symbols
 (/usr/local/texlive/2022/texmf-dist/tex/latex/amsfonts/amsfonts.sty
Package: amsfonts 2013/01/14 v3.01 Basic AMSFonts support
\symAMSa=\mathgroup4
\symAMSb=\mathgroup5
LaTeX Font Info:    Redeclaring math symbol \hbar on input line 98.
LaTeX Font Info:    Overwriting math alphabet `\mathfrak' in version `bold'
(Font)                  U/euf/m/n --> U/euf/b/n on input line 106.
)) (/usr/local/texlive/2022/texmf-dist/tex/latex/algorithms/algorithmic.sty
Package: algorithmic 2009/08/24 v0.1 Document Style `algorithmic'
 (/usr/local/texlive/2022/texmf-dist/tex/latex/base/ifthen.sty
Package: ifthen 2020/11/24 v1.1c Standard LaTeX ifthen package (DPC)
) (/usr/local/texlive/2022/texmf-dist/tex/latex/graphics/keyval.sty
Package: keyval 2014/10/28 v1.15 key=value parser (DPC)
\KV@toks@=\toks22
)
\c@ALC@unique=\count278
\c@ALC@line=\count279
\c@ALC@rem=\count280
\c@ALC@depth=\count281
\ALC@tlm=\skip53
\algorithmicindent=\skip54
) (/usr/local/texlive/2022/texmf-dist/tex/latex/graphics/graphicx.sty
Package: graphicx 2021/09/16 v1.2d Enhanced LaTeX Graphics (DPC,SPQR)
 (/usr/local/texlive/2022/texmf-dist/tex/latex/graphics/graphics.sty
Package: graphics 2021/03/04 v1.4d Standard LaTeX Graphics (DPC,SPQR)
 (/usr/local/texlive/2022/texmf-dist/tex/latex/graphics/trig.sty
Package: trig 2021/08/11 v1.11 sin cos tan (DPC)
) (/usr/local/texlive/2022/texmf-dist/tex/latex/graphics-cfg/graphics.cfg
File: graphics.cfg 2016/06/04 v1.11 sample graphics configuration
)
Package graphics Info: Driver file: pdftex.def on input line 107.
 (/usr/local/texlive/2022/texmf-dist/tex/latex/graphics-def/pdftex.def
File: pdftex.def 2020/10/05 v1.2a Graphics/color driver for pdftex
))
\Gin@req@height=\dimen171
\Gin@req@width=\dimen172
) (/usr/local/texlive/2022/texmf-dist/tex/latex/base/textcomp.sty
Package: textcomp 2020/02/02 v2.0n Standard LaTeX package
) (/usr/local/texlive/2022/texmf-dist/tex/latex/xcolor/xcolor.sty
Package: xcolor 2021/10/31 v2.13 LaTeX color extensions (UK)
 (/usr/local/texlive/2022/texmf-dist/tex/latex/graphics-cfg/color.cfg
File: color.cfg 2016/01/02 v1.6 sample color configuration
)
Package xcolor Info: Driver file: pdftex.def on input line 227.
Package xcolor Info: Model `cmy' substituted by `cmy0' on input line 1352.
Package xcolor Info: Model `hsb' substituted by `rgb' on input line 1356.
Package xcolor Info: Model `RGB' extended on input line 1368.
Package xcolor Info: Model `HTML' substituted by `rgb' on input line 1370.
Package xcolor Info: Model `Hsb' substituted by `hsb' on input line 1371.
Package xcolor Info: Model `tHsb' substituted by `hsb' on input line 1372.
Package xcolor Info: Model `HSB' substituted by `hsb' on input line 1373.
Package xcolor Info: Model `Gray' substituted by `gray' on input line 1374.
Package xcolor Info: Model `wave' substituted by `hsb' on input line 1375.
) (/usr/local/texlive/2022/texmf-dist/tex/latex/l3backend/l3backend-pdftex.def
File: l3backend-pdftex.def 2022-02-07 L3 backend support: PDF output (pdfTeX)
\l__color_backend_stack_int=\count282
\l__pdf_internal_box=\box54
) (/Users/haoyu/Desktop/ESE417/ESE417FinalProj/Report/.texpadtmp/case-study.aux

LaTeX Warning: Label `fig:foo' multiply defined.


LaTeX Warning: Label `fig:foo' multiply defined.


LaTeX Warning: Label `fig:foo' multiply defined.


LaTeX Warning: Label `fig:foo' multiply defined.


LaTeX Warning: Label `fig:foo' multiply defined.


LaTeX Warning: Label `fig:foo' multiply defined.


LaTeX Warning: Label `fig:foo' multiply defined.


LaTeX Warning: Label `fig:foo' multiply defined.


LaTeX Warning: Label `fig:foo' multiply defined.

)
\openout1 = `case-study.aux'.

LaTeX Font Info:    Checking defaults for OML/cmm/m/it on input line 12.
LaTeX Font Info:    ... okay on input line 12.
LaTeX Font Info:    Checking defaults for OMS/cmsy/m/n on input line 12.
LaTeX Font Info:    ... okay on input line 12.
LaTeX Font Info:    Checking defaults for OT1/cmr/m/n on input line 12.
LaTeX Font Info:    ... okay on input line 12.
LaTeX Font Info:    Checking defaults for T1/cmr/m/n on input line 12.
LaTeX Font Info:    ... okay on input line 12.
LaTeX Font Info:    Checking defaults for TS1/cmr/m/n on input line 12.
LaTeX Font Info:    ... okay on input line 12.
LaTeX Font Info:    Checking defaults for OMX/cmex/m/n on input line 12.
LaTeX Font Info:    ... okay on input line 12.
LaTeX Font Info:    Checking defaults for U/cmr/m/n on input line 12.
LaTeX Font Info:    ... okay on input line 12.

-- Lines per column: 56 (exact).
(/usr/local/texlive/2022/texmf-dist/tex/context/base/mkii/supp-pdf.mkii
[Loading MPS to PDF converter (version 2006.09.02).]
\scratchcounter=\count283
\scratchdimen=\dimen173
\scratchbox=\box55
\nofMPsegments=\count284
\nofMParguments=\count285
\everyMPshowfont=\toks23
\MPscratchCnt=\count286
\MPscratchDim=\dimen174
\MPnumerator=\count287
\makeMPintoPDFobject=\count288
\everyMPtoPDFconversion=\toks24
) (/usr/local/texlive/2022/texmf-dist/tex/latex/epstopdf-pkg/epstopdf-base.sty
Package: epstopdf-base 2020-01-24 v2.11 Base part for package epstopdf
Package epstopdf-base Info: Redefining graphics rule for `.eps' on input line 485.
 (/usr/local/texlive/2022/texmf-dist/tex/latex/latexconfig/epstopdf-sys.cfg
File: epstopdf-sys.cfg 2010/07/13 v1.3 Configuration of (r)epstopdf for TeX Live
))
LaTeX Font Info:    Calculating math sizes for size <11> on input line 35.
LaTeX Font Info:    Trying to load font information for U+msa on input line 35.
 (/usr/local/texlive/2022/texmf-dist/tex/latex/amsfonts/umsa.fd
File: umsa.fd 2013/01/14 v3.01 AMS symbols A
)
LaTeX Font Info:    Trying to load font information for U+msb on input line 35.
 (/usr/local/texlive/2022/texmf-dist/tex/latex/amsfonts/umsb.fd
File: umsb.fd 2013/01/14 v3.01 AMS symbols B
)
Underfull \hbox (badness 10000) in paragraph at lines 44--45

 []

<quality.png, id=1, 568.1225pt x 430.60875pt>
File: quality.png Graphic file (type png)
<use quality.png>
Package pdftex.def Info: quality.png  used on input line 60.
(pdftex.def)             Requested size: 198.84584pt x 150.7153pt.
[1{/usr/local/texlive/2022/texmf-var/fonts/map/pdftex/updmap/pdftex.map}


 <./quality.png>]
<gridSearch.png, id=14, 693.59125pt x 160.6pt>
File: gridSearch.png Graphic file (type png)
<use gridSearch.png>
Package pdftex.def Info: gridSearch.png  used on input line 83.
(pdftex.def)             Requested size: 242.76057pt x 56.21083pt.

Underfull \hbox (badness 1694) in paragraph at lines 96--97
[]\OT1/ptm/m/n/10 The Sup-port Vec-tor Ma-chine (SVM) is a su-per-vised
 []


Underfull \hbox (badness 10000) in paragraph at lines 96--97

 []


Underfull \hbox (badness 10000) in paragraph at lines 98--99

 []


Underfull \hbox (badness 10000) in paragraph at lines 100--101

 []

<redWineWeight.png, id=15, 489.83pt x 449.68pt>
File: redWineWeight.png Graphic file (type png)
<use redWineWeight.png>
Package pdftex.def Info: redWineWeight.png  used on input line 109.
(pdftex.def)             Requested size: 146.95012pt x 134.90503pt.

Underfull \hbox (badness 10000) in paragraph at lines 105--113

 []


LaTeX Warning: `h' float specifier changed to `ht'.


Underfull \hbox (badness 2318) in paragraph at lines 114--115
\OT1/ptm/m/n/10 the ac-cu-racy of the method four are used which are
 []


Underfull \hbox (badness 10000) in paragraph at lines 114--115
\OML/cmm/m/it/10 nestimators; maxdepth; randomstate; classweight$\OT1/ptm/m/n/10 .
 []


Underfull \hbox (badness 10000) in paragraph at lines 114--115
\OT1/ptm/m/n/10 The grid search is im-ple-mented to come up
 []


Underfull \hbox (badness 10000) in paragraph at lines 114--115
\OT1/ptm/m/n/10 with the best com-bi-na-tion of the hy-per-pa-ram-e-ters,
 []


Underfull \hbox (badness 10000) in paragraph at lines 114--115

 []

[2 <./gridSearch.png>]
Underfull \hbox (badness 10000) in paragraph at lines 121--122

 []


Underfull \hbox (badness 10000) in paragraph at lines 123--124
[]\OT1/ptm/m/n/10 kernel='rbf', C=1.0, ran-dom-state=0, de-gree=3, and
 []


Underfull \hbox (badness 10000) in paragraph at lines 123--124

 []

<SVMResult.png, id=23, 307.1475pt x 128.48pt>
File: SVMResult.png Graphic file (type png)
<use SVMResult.png>
Package pdftex.def Info: SVMResult.png  used on input line 129.
(pdftex.def)             Requested size: 153.57336pt x 64.23984pt.
<SVMHeatMap.jpeg, id=24, 952.55875pt x 1012.78375pt>
File: SVMHeatMap.jpeg Graphic file (type jpg)
<use SVMHeatMap.jpeg>
Package pdftex.def Info: SVMHeatMap.jpeg  used on input line 136.
(pdftex.def)             Requested size: 266.71463pt x 283.57751pt.

Overfull \hbox (14.71463pt too wide) in paragraph at lines 136--137
 [] 
 []

<SVMPrediction.png, id=25, 504.38437pt x 506.39188pt>
File: SVMPrediction.png Graphic file (type png)
<use SVMPrediction.png>
Package pdftex.def Info: SVMPrediction.png  used on input line 145.
(pdftex.def)             Requested size: 201.75017pt x 202.55315pt.

Underfull \hbox (badness 10000) in paragraph at lines 125--149

 []


LaTeX Warning: `h' float specifier changed to `ht'.

<RandomForestGrid.png, id=26, 677.53125pt x 55.20625pt>
File: RandomForestGrid.png Graphic file (type png)
<use RandomForestGrid.png>
Package pdftex.def Info: RandomForestGrid.png  used on input line 159.
(pdftex.def)             Requested size: 237.13948pt x 19.32246pt.
<randomForestResult.png.png, id=27, 722.7pt x 201.75375pt>
File: randomForestResult.png.png Graphic file (type png)
<use randomForestResult.png.png>
Package pdftex.def Info: randomForestResult.png.png  used on input line 169.
(pdftex.def)             Requested size: 216.81166pt x 60.52658pt.
<RandomForestKfold.png, id=28, 396.48125pt x 262.9825pt>
File: RandomForestKfold.png Graphic file (type png)
<use RandomForestKfold.png>
Package pdftex.def Info: RandomForestKfold.png  used on input line 177.
(pdftex.def)             Requested size: 158.58968pt x 105.19113pt.
<RandomForestBar.jpeg, id=29, 726.715pt x 715.67375pt>
File: RandomForestBar.jpeg Graphic file (type jpg)
<use RandomForestBar.jpeg>
Package pdftex.def Info: RandomForestBar.jpeg  used on input line 185.
(pdftex.def)             Requested size: 218.01617pt x 214.70378pt.

Underfull \hbox (badness 10000) in paragraph at lines 155--189

 []


LaTeX Warning: `h' float specifier changed to `ht'.

[3 <./redWineWeight.png> <./SVMResult.png> <./SVMHeatMap.jpeg> <./SVMPrediction.png>]

LaTeX Warning: `h' float specifier changed to `ht'.


Underfull \hbox (badness 10000) in paragraph at lines 193--194

 []


Underfull \hbox (badness 2401) in paragraph at lines 195--196
[]\OT1/ptm/m/n/10 The study also demon-strated that data clean-ing and
 []


Underfull \hbox (badness 10000) in paragraph at lines 195--196

 []


Underfull \hbox (badness 10000) in paragraph at lines 197--198

 []


Overfull \hbox (6.42873pt too wide) in paragraph at lines 202--203
[]\OT1/ptm/m/n/8 Wine Qual-ity Data Set, https://archive.ics.uci.edu/ml/datasets/wine+quality 
 []


Underfull \hbox (badness 10000) in paragraph at lines 204--205
[]\OT1/ptm/m/n/8 Scikit$\OMS/cmsy/m/n/8 ^^@$\OT1/ptm/m/n/8 learn Sup-port Vec-tor Ma-chine (SVM), https://scikit-
 []


Underfull \hbox (badness 10000) in paragraph at lines 205--206
[]\OT1/ptm/m/n/8 Scikit$\OMS/cmsy/m/n/8 ^^@$\OT1/ptm/m/n/8 learn Ran-dom For-est Clas-si-fier,
 []


Underfull \hbox (badness 10000) in paragraph at lines 205--206
\OT1/ptm/m/n/8 https://scikit-learn.org/stable/modules/generated
 []

./case-study.tex:206: Missing { inserted.
<to be read again> 
                   $
l.206 ...stable/modules/generated/sklearn.model$_$
                                                  selection.GridSearchCV.html
A left brace was mandatory here, so I've put one in.
You might want to delete and/or insert some corrections
so that I will find a matching right brace soon.
(If you're confused by all this, try typing `I}' now.)

./case-study.tex:206: Missing } inserted.
<inserted text> 
                }
l.206 ...stable/modules/generated/sklearn.model$_$
                                                  selection.GridSearchCV.html
I've inserted something that you may have forgotten.
(See the <inserted text> above.)
With luck, this will get me unwedged. But if you
really didn't forget anything, try typing `2' now; then
my insertion and my current dilemma will both disappear.


Underfull \hbox (badness 10000) in paragraph at lines 206--207
[]\OT1/ptm/m/n/8 Scikit-learn Grid Search Cross Val-i-da-tion, https://scikit-
 []


Overfull \hbox (19.83307pt too wide) in paragraph at lines 206--207
\OT1/ptm/m/n/8 learn.org/stable/modules/generated/sklearn.model$[]$selection.GridSearchCV.html 
 []


Underfull \hbox (badness 10000) in paragraph at lines 207--208
[]\OT1/ptm/m/n/8 Scikit$\OMS/cmsy/m/n/8 ^^@$\OT1/ptm/m/n/8 learn K$\OMS/cmsy/m/n/8 ^^@$\OT1/ptm/m/n/8 Nearest Neigh-bors Clas-si-fier, https://scikit-
 []


Overfull \hbox (24.82109pt too wide) in paragraph at lines 207--208
\OT1/ptm/m/n/8 learn.org/stable/modules/generated/sklearn.neighbors.KNeighborsClassifier.html 
 []


** Conference Paper **
Before submitting the final camera ready copy, remember to:

 1. Manually equalize the lengths of two columns on the last page
 of your paper;

 2. Ensure that any PostScript and/or PDF output post-processing
 uses only Type 1 fonts and that every step in the generation
 process uses the appropriate paper size.

[4 <./RandomForestGrid.png> <./randomForestResult.png.png> <./RandomForestKfold.png> <./RandomForestBar.jpeg>] (/Users/haoyu/Desktop/ESE417/ESE417FinalProj/Report/.texpadtmp/case-study.aux)

LaTeX Warning: There were multiply-defined labels.

 ) 
Here is how much of TeX's memory you used:
 4242 strings out of 478268
 67008 string characters out of 5846348
 369920 words of memory out of 5000000
 22405 multiletter control sequences out of 15000+600000
 509390 words of font info for 116 fonts, out of 8000000 for 9000
 1141 hyphenation exceptions out of 8191
 55i,11n,62p,1035b,332s stack positions out of 10000i,1000n,20000p,200000b,200000s
{/usr/local/texlive/2022/texmf-dist/fonts/enc/dvips/base/8r.enc}</usr/local/texlive/2022/texmf-dist/fonts/type1/public/amsfonts/cm/cmmi10.pfb></usr/local/texlive/2022/texmf-dist/fonts/type1/public/amsfonts/cm/cmr10.pfb></usr/local/texlive/2022/texmf-dist/fonts/type1/public/amsfonts/cm/cmr9.pfb></usr/local/texlive/2022/texmf-dist/fonts/type1/public/amsfonts/cm/cmsy7.pfb></usr/local/texlive/2022/texmf-dist/fonts/type1/public/amsfonts/cm/cmsy8.pfb></usr/local/texlive/2022/texmf-dist/fonts/type1/urw/times/utmb8a.pfb></usr/local/texlive/2022/texmf-dist/fonts/type1/urw/times/utmbi8a.pfb></usr/local/texlive/2022/texmf-dist/fonts/type1/urw/times/utmr8a.pfb></usr/local/texlive/2022/texmf-dist/fonts/type1/urw/times/utmri8a.pfb>
Output written on /Users/haoyu/Desktop/ESE417/ESE417FinalProj/Report/.texpadtmp/case-study.pdf (4 pages, 947148 bytes).
PDF statistics:
 82 PDF objects out of 1000 (max. 8388607)
 39 compressed objects within 1 object stream
 0 named destinations out of 1000 (max. 500000)
 51 words of extra memory for PDF output out of 10000 (max. 10000000)

